<?xml version="1.0" encoding="UTF-8"?>
<testng-results skipped="0" failed="0" total="2" passed="2">
  <reporter-output>
  </reporter-output>
  <suite name="Default suite" duration-ms="17390" started-at="2014-03-03T19:57:32Z" finished-at="2014-03-03T19:57:49Z">
    <groups>
    </groups>
    <test name="Default test" duration-ms="17390" started-at="2014-03-03T19:57:32Z" finished-at="2014-03-03T19:57:49Z">
      <class name="com.example.tests.GroupCreationTests">
        <test-method status="PASS" signature="setUp()[pri:0, instance:com.example.tests.GroupCreationTests@1c7d672a]" name="setUp" is-config="true" duration-ms="10437" started-at="2014-03-03T23:57:32Z" finished-at="2014-03-03T23:57:42Z">
          <reporter-output>
          </reporter-output>
        </test-method> <!-- setUp -->
        <test-method status="PASS" signature="testNonEmptyGroupCreation()[pri:0, instance:com.example.tests.GroupCreationTests@1c7d672a]" name="testNonEmptyGroupCreation" duration-ms="3339" started-at="2014-03-03T23:57:42Z" finished-at="2014-03-03T23:57:46Z">
          <reporter-output>
          </reporter-output>
        </test-method> <!-- testNonEmptyGroupCreation -->
        <test-method status="PASS" signature="tearDown()[pri:0, instance:com.example.tests.GroupCreationTests@1c7d672a]" name="tearDown" is-config="true" duration-ms="485" started-at="2014-03-03T23:57:49Z" finished-at="2014-03-03T23:57:49Z">
          <reporter-output>
          </reporter-output>
        </test-method> <!-- tearDown -->
      </class> <!-- com.example.tests.GroupCreationTests -->
      <class name="com.example.tests.EmptyGroupCreationTest">
        <test-method status="PASS" signature="testEmptyGroupCreation()[pri:0, instance:com.example.tests.EmptyGroupCreationTest@fc77f54]" name="testEmptyGroupCreation" duration-ms="3090" started-at="2014-03-03T23:57:46Z" finished-at="2014-03-03T23:57:49Z">
          <reporter-output>
          </reporter-output>
        </test-method> <!-- testEmptyGroupCreation -->
      </class> <!-- com.example.tests.EmptyGroupCreationTest -->
    </test> <!-- Default test -->
  </suite> <!-- Default suite -->
</testng-results>
